# JRE version: OpenJDK Runtime Environment (8.0_91-b14) (build 1.8.0_91-8u91-b14-3ubuntu1~16.04.1-b14)
# Java VM: OpenJDK 64-Bit Server VM (25.91-b14 mixed mode linux-amd64 compressed oops)
Heap:
 PSYoungGen      total 210432K, used 24062K [0x00000000eab00000, 0x00000000f9400000, 0x0000000100000000)
  eden space 186368K, 0% used [0x00000000eab00000,0x00000000eab00000,0x00000000f6100000)
  from space 24064K, 99% used [0x00000000f6100000,0x00000000f787fba8,0x00000000f7880000)
  to   space 19968K, 0% used [0x00000000f7880000,0x00000000f7880000,0x00000000f8c00000)
 ParOldGen       total 62976K, used 56462K [0x00000000c0000000, 0x00000000c3d80000, 0x00000000eab00000)
  object space 62976K, 89% used [0x00000000c0000000,0x00000000c3723ad0,0x00000000c3d80000)
 Metaspace       used 6222K, capacity 7216K, committed 7296K, reserved 1056768K
  class space    used 577K, capacity 616K, committed 640K, reserved 1048576K
GC Heap History (10 events):
Event: 6.560 GC heap after
Heap after GC invocations=4 (full 0):
 PSYoungGen      total 51712K, used 3552K [0x00000000eab00000, 0x00000000ee100000, 0x0000000100000000)
  eden space 48128K, 0% used [0x00000000eab00000,0x00000000eab00000,0x00000000eda00000)
  from space 3584K, 99% used [0x00000000edd80000,0x00000000ee0f8028,0x00000000ee100000)
  to   space 3584K, 0% used [0x00000000eda00000,0x00000000eda00000,0x00000000edd80000)
 ParOldGen       total 62976K, used 14067K [0x00000000c0000000, 0x00000000c3d80000, 0x00000000eab00000)
  object space 62976K, 22% used [0x00000000c0000000,0x00000000c0dbcc58,0x00000000c3d80000)
 Metaspace       used 5687K, capacity 6896K, committed 7040K, reserved 1056768K
  class space    used 558K, capacity 616K, committed 640K, reserved 1048576K
}
Event: 7.490 GC heap before
{Heap before GC invocations=5 (full 0):
 PSYoungGen      total 51712K, used 51680K [0x00000000eab00000, 0x00000000ee100000, 0x0000000100000000)
  eden space 48128K, 100% used [0x00000000eab00000,0x00000000eda00000,0x00000000eda00000)
  from space 3584K, 99% used [0x00000000edd80000,0x00000000ee0f8028,0x00000000ee100000)
  to   space 3584K, 0% used [0x00000000eda00000,0x00000000eda00000,0x00000000edd80000)
 ParOldGen       total 62976K, used 14067K [0x00000000c0000000, 0x00000000c3d80000, 0x00000000eab00000)
  object space 62976K, 22% used [0x00000000c0000000,0x00000000c0dbcc58,0x00000000c3d80000)
 Metaspace       used 5739K, capacity 6896K, committed 7040K, reserved 1056768K
  class space    used 558K, capacity 616K, committed 640K, reserved 1048576K
Event: 7.579 GC heap after
Heap after GC invocations=5 (full 0):
 PSYoungGen      total 51712K, used 3584K [0x00000000eab00000, 0x00000000f1f00000, 0x0000000100000000)
  eden space 48128K, 0% used [0x00000000eab00000,0x00000000eab00000,0x00000000eda00000)
  from space 3584K, 100% used [0x00000000eda00000,0x00000000edd80000,0x00000000edd80000)
  to   space 11264K, 0% used [0x00000000f1400000,0x00000000f1400000,0x00000000f1f00000)
 ParOldGen       total 62976K, used 21883K [0x00000000c0000000, 0x00000000c3d80000, 0x00000000eab00000)
  object space 62976K, 34% used [0x00000000c0000000,0x00000000c155ed18,0x00000000c3d80000)
 Metaspace       used 5739K, capacity 6896K, committed 7040K, reserved 1056768K
  class space    used 558K, capacity 616K, committed 640K, reserved 1048576K
}
Event: 8.185 GC heap before
{Heap before GC invocations=6 (full 0):
 PSYoungGen      total 51712K, used 51536K [0x00000000eab00000, 0x00000000f1f00000, 0x0000000100000000)
  eden space 48128K, 99% used [0x00000000eab00000,0x00000000ed9d43b0,0x00000000eda00000)
  from space 3584K, 100% used [0x00000000eda00000,0x00000000edd80000,0x00000000edd80000)
  to   space 11264K, 0% used [0x00000000f1400000,0x00000000f1400000,0x00000000f1f00000)
 ParOldGen       total 62976K, used 21883K [0x00000000c0000000, 0x00000000c3d80000, 0x00000000eab00000)
  object space 62976K, 34% used [0x00000000c0000000,0x00000000c155ed18,0x00000000c3d80000)
 Metaspace       used 5775K, capacity 6960K, committed 7040K, reserved 1056768K
  class space    used 558K, capacity 616K, committed 640K, reserved 1048576K
Event: 8.304 GC heap after
Heap after GC invocations=6 (full 0):
 PSYoungGen      total 106496K, used 10880K [0x00000000eab00000, 0x00000000f2100000, 0x0000000100000000)
  eden space 95232K, 0% used [0x00000000eab00000,0x00000000eab00000,0x00000000f0800000)
  from space 11264K, 96% used [0x00000000f1400000,0x00000000f1ea0010,0x00000000f1f00000)
  to   space 12288K, 0% used [0x00000000f0800000,0x00000000f0800000,0x00000000f1400000)
 ParOldGen       total 62976K, used 21883K [0x00000000c0000000, 0x00000000c3d80000, 0x00000000eab00000)
  object space 62976K, 34% used [0x00000000c0000000,0x00000000c155ed18,0x00000000c3d80000)
 Metaspace       used 5775K, capacity 6960K, committed 7040K, reserved 1056768K
  class space    used 558K, capacity 616K, committed 640K, reserved 1048576K
}
Event: 9.777 GC heap before
{Heap before GC invocations=7 (full 0):
 PSYoungGen      total 106496K, used 106112K [0x00000000eab00000, 0x00000000f2100000, 0x0000000100000000)
  eden space 95232K, 100% used [0x00000000eab00000,0x00000000f0800000,0x00000000f0800000)
  from space 11264K, 96% used [0x00000000f1400000,0x00000000f1ea0010,0x00000000f1f00000)
  to   space 12288K, 0% used [0x00000000f0800000,0x00000000f0800000,0x00000000f1400000)
 ParOldGen       total 62976K, used 21883K [0x00000000c0000000, 0x00000000c3d80000, 0x00000000eab00000)
  object space 62976K, 34% used [0x00000000c0000000,0x00000000c155ed18,0x00000000c3d80000)
 Metaspace       used 5963K, capacity 7024K, committed 7296K, reserved 1056768K
  class space    used 577K, capacity 616K, committed 640K, reserved 1048576K
Event: 10.097 GC heap after
Heap after GC invocations=7 (full 0):
 PSYoungGen      total 107520K, used 12265K [0x00000000eab00000, 0x00000000f8c00000, 0x0000000100000000)
  eden space 95232K, 0% used [0x00000000eab00000,0x00000000eab00000,0x00000000f0800000)
  from space 12288K, 99% used [0x00000000f0800000,0x00000000f13fa678,0x00000000f1400000)
  to   space 19968K, 0% used [0x00000000f7880000,0x00000000f7880000,0x00000000f8c00000)
 ParOldGen       total 62976K, used 34068K [0x00000000c0000000, 0x00000000c3d80000, 0x00000000eab00000)
  object space 62976K, 54% used [0x00000000c0000000,0x00000000c2145060,0x00000000c3d80000)
 Metaspace       used 5963K, capacity 7024K, committed 7296K, reserved 1056768K
  class space    used 577K, capacity 616K, committed 640K, reserved 1048576K
}
Event: 11.605 GC heap before
{Heap before GC invocations=8 (full 0):
 PSYoungGen      total 107520K, used 107497K [0x00000000eab00000, 0x00000000f8c00000, 0x0000000100000000)
  eden space 95232K, 100% used [0x00000000eab00000,0x00000000f0800000,0x00000000f0800000)
  from space 12288K, 99% used [0x00000000f0800000,0x00000000f13fa678,0x00000000f1400000)
  to   space 19968K, 0% used [0x00000000f7880000,0x00000000f7880000,0x00000000f8c00000)
 ParOldGen       total 62976K, used 34068K [0x00000000c0000000, 0x00000000c3d80000, 0x00000000eab00000)
  object space 62976K, 54% used [0x00000000c0000000,0x00000000c2145060,0x00000000c3d80000)
 Metaspace       used 6085K, capacity 7088K, committed 7296K, reserved 1056768K
  class space    used 577K, capacity 616K, committed 640K, reserved 1048576K
Event: 11.884 GC heap after
Heap after GC invocations=8 (full 0):
 PSYoungGen      total 206336K, used 19946K [0x00000000eab00000, 0x00000000f9400000, 0x0000000100000000)
  eden space 186368K, 0% used [0x00000000eab00000,0x00000000eab00000,0x00000000f6100000)
  from space 19968K, 99% used [0x00000000f7880000,0x00000000f8bfaac8,0x00000000f8c00000)
  to   space 24064K, 0% used [0x00000000f6100000,0x00000000f6100000,0x00000000f7880000)
 ParOldGen       total 62976K, used 36371K [0x00000000c0000000, 0x00000000c3d80000, 0x00000000eab00000)
  object space 62976K, 57% used [0x00000000c0000000,0x00000000c2384e38,0x00000000c3d80000)
 Metaspace       used 6085K, capacity 7088K, committed 7296K, reserved 1056768K
  class space    used 577K, capacity 616K, committed 640K, reserved 1048576K
}
Event: 15.376 GC heap before
{Heap before GC invocations=9 (full 0):
 PSYoungGen      total 206336K, used 206314K [0x00000000eab00000, 0x00000000f9400000, 0x0000000100000000)
  eden space 186368K, 100% used [0x00000000eab00000,0x00000000f6100000,0x00000000f6100000)
  from space 19968K, 99% used [0x00000000f7880000,0x00000000f8bfaac8,0x00000000f8c00000)
  to   space 24064K, 0% used [0x00000000f6100000,0x00000000f6100000,0x00000000f7880000)
 ParOldGen       total 62976K, used 36371K [0x00000000c0000000, 0x00000000c3d80000, 0x00000000eab00000)
  object space 62976K, 57% used [0x00000000c0000000,0x00000000c2384e38,0x00000000c3d80000)
 Metaspace       used 6222K, capacity 7216K, committed 7296K, reserved 1056768K
  class space    used 577K, capacity 616K, committed 640K, reserved 1048576K

